<?xml version='1.0' encoding='UTF-8'?>
<hotspot_log version='160 1' process='15740' time_ms='1622871597400'>
<vm_version>
<name>
Java HotSpot(TM) 64-Bit Server VM
</name>
<release>
25.181-b13
</release>
<info>
Java HotSpot(TM) 64-Bit Server VM (25.181-b13) for windows-amd64 JRE (1.8.0_181-b13), built on Jul  7 2018 04:01:33 by &quot;java_re&quot; with MS VC++ 10.0 (VS2010)
</info>
</vm_version>
<vm_arguments>
<args>
-ea -XX:+UnlockDiagnosticVMOptions -XX:+LogCompilation -Dfile.encoding=Cp1252 
</args>
<command>
ch02.JIT_CodeCache.PerformanceExample1.Main 7
</command>
<launcher>
SUN_STANDARD
</launcher>
<properties>
java.vm.specification.name=Java Virtual Machine Specification
java.vm.version=25.181-b13
java.vm.name=Java HotSpot(TM) 64-Bit Server VM
java.vm.info=mixed mode, sharing
java.ext.dirs=C:\Program Files\Java\jdk1.8.0_181\jre\lib\ext;C:\WINDOWS\Sun\Java\lib\ext
java.endorsed.dirs=C:\Program Files\Java\jdk1.8.0_181\jre\lib\endorsed
sun.boot.library.path=C:\Program Files\Java\jdk1.8.0_181\jre\bin
java.library.path=C:\Program Files\Java\jdk1.8.0_181\bin;C:\WINDOWS\Sun\Java\bin;C:\WINDOWS\system32;C:\WINDOWS;C:\app\OracleHomeUser1\product\12.1.0\dbhome_1\bin;C:\Users\Admin\AppData\Roaming\ActiveState\bin;C:\Python38\Scripts\;C:\Python38\;C:\Program Files\Microsoft MPI\Bin\;C:\Program Files (x86)\Common Files\Oracle\Java\javapath;C:\WINDOWS\system32;C:\WINDOWS;C:\WINDOWS\System32\Wbem;C:\WINDOWS\System32\WindowsPowerShell\v1.0\;C:\Program Files\Java\jdk1.8.0_181\bin;C:\christy\software\installed\apache-maven-3.6.2\bin;C:\Program Files\7-Zip;C:\WINDOWS\System32\OpenSSH\;C:\Program Files\PuTTY\;C:\Program Files (x86)\Microsoft SQL Server\140\Tools\Binn\;C:\Program Files\Microsoft SQL Server\140\Tools\Binn\;C:\Program Files (x86)\Microsoft SQL Server\140\DTS\Binn\;C:\Program Files\Microsoft SQL Server\140\DTS\Binn\;C:\Program Files\Microsoft SQL Server\Client SDK\ODBC\130\Tools\Binn\;C:\Program Files (x86)\Microsoft SQL Server\150\DTS\Binn\;%MYSQL_HOME%\bin;C:\christy\software\installed\gradle-6.1.1\bin;C:\Program Files\nodejs\;C:\ProgramData\chocolatey\bin;C:\christy\software\installed\flutter\bin;C:\dart-sdk\bin;C:\Program Files\SourceGear\Common\DiffMerge\;C:\Program Files\Git\cmd;C:\WINDOWS\system32;C:\WINDOWS;C:\WINDOWS\System32\Wbem;C:\WINDOWS\System32\WindowsPowerShell\v1.0\;C:\WINDOWS\System32\OpenSSH\;C:\Program Files\MySQL\MySQL Server 8.0\bin;C:\christy\software\installed\apache-ant-1.10.10\bin;C:\christy\software\installed\db-derby-10.14.2.0-bin\bin;C:\christy\software\installed\glassfish4\glassfish\bin;C:\Program Files\MySQL\MySQL Shell 8.0\bin\;C:\Users\Admin\scoop\shims;C:\Users\Admin\AppData\Local\Programs\Python\Python38-32\Scripts\;C:\Users\Admin\AppData\Local\Programs\Python\Python38-32\;C:\Users\Admin\AppData\Local\Microsoft\WindowsApps;;C:\Program Files\JetBrains\IntelliJ IDEA Community Edition 2020.1\bin;;C:\Users\Admin\AppData\Roaming\npm;C:\Users\Admin\AppData\Local\Programs\Microsoft VS Code\bin;C:\Exercism;.
java.home=C:\Program Files\Java\jdk1.8.0_181\jre
java.class.path=C:\christy\workspace\practice\Java\Java_8\Performace\UdemyMGC\bin
sun.boot.class.path=C:\Program Files\Java\jdk1.8.0_181\jre\lib\resources.jar;C:\Program Files\Java\jdk1.8.0_181\jre\lib\rt.jar;C:\Program Files\Java\jdk1.8.0_181\jre\lib\sunrsasign.jar;C:\Program Files\Java\jdk1.8.0_181\jre\lib\jsse.jar;C:\Program Files\Java\jdk1.8.0_181\jre\lib\jce.jar;C:\Program Files\Java\jdk1.8.0_181\jre\lib\charsets.jar;C:\Program Files\Java\jdk1.8.0_181\jre\lib\jfr.jar;C:\Program Files\Java\jdk1.8.0_181\jre\classes
java.vm.specification.vendor=Oracle Corporation
java.vm.specification.version=1.8
java.vm.vendor=Oracle Corporation
file.encoding=Cp1252
sun.java.command=ch02.JIT_CodeCache.PerformanceExample1.Main 7
sun.java.launcher=SUN_STANDARD
</properties>
</vm_arguments>
<tty>
<writer thread='6148'/>
<thread_logfile thread='6148' filename='C:\Users\Admin\AppData\Local\Temp\\hs_c6148_pid15740.log'/>
<writer thread='3696'/>
<thread_logfile thread='3696' filename='C:\Users\Admin\AppData\Local\Temp\\hs_c3696_pid15740.log'/>
<writer thread='2144'/>
<thread_logfile thread='2144' filename='C:\Users\Admin\AppData\Local\Temp\\hs_c2144_pid15740.log'/>
<blob name='MethodHandlesAdapterBlob' size='32000'>
<sect index='1' size='32000' free='31632'/>
</blob>
<writer thread='13668'/>
<nmethod compile_id='1' compile_kind='c2n' level='0' entry='0x00000000034205c0' size='912' address='0x0000000003420450' relocation_offset='288' consts_offset='912' insts_offset='368' method='java/lang/System arraycopy (Ljava/lang/Object;ILjava/lang/Object;II)V' bytes='0' count='640' iicount='640' stamp='0.119'/>
<task_queued compile_id='2' method='java/lang/String charAt (I)C' bytes='29' count='1664' iicount='1664' level='3' stamp='0.119' comment='tiered' hot_count='1664'/>
<task_queued compile_id='3' method='java/lang/String hashCode ()I' bytes='55' count='421' backedge_count='6144' iicount='421' level='3' stamp='0.120' comment='tiered' hot_count='421'/>
<writer thread='2144'/>
<nmethod compile_id='2' compiler='C1' level='3' entry='0x000000000341fe80' size='1192' address='0x000000000341fd10' relocation_offset='288' insts_offset='368' stub_offset='816' scopes_data_offset='992' scopes_pcs_offset='1056' dependencies_offset='1168' nul_chk_table_offset='1176' method='java/lang/String charAt (I)C' bytes='29' count='1842' iicount='1842' stamp='0.120'/>
<nmethod compile_id='3' compiler='C1' level='3' entry='0x0000000003422280' size='1224' address='0x0000000003422110' relocation_offset='288' insts_offset='368' stub_offset='880' scopes_data_offset='1032' scopes_pcs_offset='1104' dependencies_offset='1200' nul_chk_table_offset='1208' method='java/lang/String hashCode ()I' bytes='55' count='423' backedge_count='6145' iicount='423' stamp='0.120'/>
<writer thread='13668'/>
<task_queued compile_id='4' method='java/lang/String indexOf (II)I' bytes='70' count='114' backedge_count='3072' iicount='114' level='3' stamp='0.121' comment='tiered' hot_count='114'/>
<writer thread='2144'/>
<nmethod compile_id='4' compiler='C1' level='3' entry='0x0000000003421c20' size='1592' address='0x0000000003421a90' relocation_offset='288' insts_offset='400' stub_offset='1136' scopes_data_offset='1312' scopes_pcs_offset='1440' dependencies_offset='1568' nul_chk_table_offset='1576' method='java/lang/String indexOf (II)I' bytes='70' count='114' backedge_count='3138' iicount='114' stamp='0.121'/>
<writer thread='13668'/>
<task_queued compile_id='5' method='java/lang/Object &lt;init&gt; ()V' bytes='1' count='1536' iicount='1536' level='3' stamp='0.124' comment='tiered' hot_count='1536'/>
<writer thread='2144'/>
<nmethod compile_id='5' compiler='C1' level='3' entry='0x0000000003421260' size='776' address='0x0000000003421110' relocation_offset='288' insts_offset='336' stub_offset='528' scopes_data_offset='680' scopes_pcs_offset='704' dependencies_offset='768' method='java/lang/Object &lt;init&gt; ()V' bytes='1' count='1542' iicount='1542' stamp='0.124'/>
<writer thread='13668'/>
<task_queued compile_id='6' method='java/lang/AbstractStringBuilder ensureCapacityInternal (I)V' bytes='27' count='256' iicount='256' level='3' stamp='0.126' comment='tiered' hot_count='256'/>
<task_queued compile_id='7' method='java/lang/CharacterData of (I)Ljava/lang/CharacterData;' bytes='120' count='896' iicount='896' level='3' stamp='0.126' comment='tiered' hot_count='896'/>
<task_queued compile_id='8' method='java/lang/CharacterDataLatin1 getProperties (I)I' bytes='11' count='896' iicount='896' level='3' stamp='0.127' comment='tiered' hot_count='896'/>
<task_queued compile_id='9' method='java/lang/Character toLowerCase (I)I' bytes='9' count='896' iicount='896' level='3' stamp='0.127' comment='tiered' hot_count='896'/>
<task_queued compile_id='10' method='java/lang/CharacterDataLatin1 toLowerCase (I)I' bytes='39' count='896' iicount='896' level='3' stamp='0.127' comment='tiered' hot_count='896'/>
<writer thread='2144'/>
<nmethod compile_id='6' compiler='C1' level='3' entry='0x0000000003423760' size='1920' address='0x00000000034235d0' relocation_offset='288' insts_offset='400' stub_offset='1360' scopes_data_offset='1568' scopes_pcs_offset='1752' dependencies_offset='1896' nul_chk_table_offset='1904' method='java/lang/AbstractStringBuilder ensureCapacityInternal (I)V' bytes='27' count='353' iicount='353' stamp='0.127'/>
<writer thread='13668'/>
<task_queued compile_id='11' method='java/lang/String length ()I' bytes='6' count='512' iicount='512' level='3' stamp='0.127' comment='tiered' hot_count='512'/>
<writer thread='2144'/>
<nmethod compile_id='7' compiler='C1' level='3' entry='0x000000000342cf80' size='2472' address='0x000000000342cdd0' relocation_offset='288' insts_offset='432' stub_offset='1744' scopes_data_offset='1896' scopes_pcs_offset='2072' dependencies_offset='2408' nul_chk_table_offset='2416' method='java/lang/CharacterData of (I)Ljava/lang/CharacterData;' bytes='120' count='967' iicount='967' stamp='0.128'/>
<writer thread='13668'/>
<task_queued compile_id='12' method='java/lang/AbstractStringBuilder append (C)Ljava/lang/AbstractStringBuilder;' bytes='29' count='384' iicount='384' level='3' stamp='0.129' comment='tiered' hot_count='384'/>
<writer thread='2144'/>
<nmethod compile_id='8' compiler='C1' level='3' entry='0x0000000003423360' size='936' address='0x0000000003423210' relocation_offset='288' insts_offset='336' stub_offset='592' scopes_data_offset='744' scopes_pcs_offset='808' dependencies_offset='904' nul_chk_table_offset='912' method='java/lang/CharacterDataLatin1 getProperties (I)I' bytes='11' count='1033' iicount='1033' stamp='0.129'/>
<nmethod compile_id='9' compiler='C1' level='3' entry='0x0000000003422f00' size='1104' address='0x0000000003422d90' relocation_offset='288' insts_offset='368' stub_offset='752' scopes_data_offset='944' scopes_pcs_offset='984' dependencies_offset='1080' nul_chk_table_offset='1088' method='java/lang/Character toLowerCase (I)I' bytes='9' count='1093' iicount='1093' stamp='0.129'/>
<writer thread='13668'/>
<task_queued compile_id='13' method='java/lang/StringBuilder append (C)Ljava/lang/StringBuilder;' bytes='8' count='384' iicount='384' level='3' stamp='0.130' comment='tiered' hot_count='384'/>
<writer thread='2144'/>
<nmethod compile_id='10' compiler='C1' level='3' entry='0x000000000342ca00' size='1320' address='0x000000000342c890' relocation_offset='288' insts_offset='368' stub_offset='848' scopes_data_offset='1016' scopes_pcs_offset='1176' dependencies_offset='1288' nul_chk_table_offset='1296' method='java/lang/CharacterDataLatin1 toLowerCase (I)I' bytes='39' count='1164' iicount='1164' stamp='0.130'/>
<writer thread='13668'/>
<task_queued compile_id='14' method='java/io/WinNTFileSystem isSlash (C)Z' bytes='18' count='384' iicount='384' level='3' stamp='0.130' comment='tiered' hot_count='384'/>
<task_queued compile_id='15' method='java/lang/StringBuffer append (C)Ljava/lang/StringBuffer;' bytes='13' count='384' iicount='384' level='3' stamp='0.130' comment='tiered' hot_count='384'/>
<writer thread='2144'/>
<nmethod compile_id='12' compiler='C1' level='3' entry='0x000000000342d940' size='2384' address='0x000000000342d790' relocation_offset='288' insts_offset='432' stub_offset='1584' scopes_data_offset='1800' scopes_pcs_offset='2136' dependencies_offset='2344' nul_chk_table_offset='2352' method='java/lang/AbstractStringBuilder append (C)Ljava/lang/AbstractStringBuilder;' bytes='29' count='1000' iicount='1000' stamp='0.131'/>
<nmethod compile_id='11' compiler='C1' level='3' entry='0x000000000342c6a0' size='792' address='0x000000000342c550' relocation_offset='288' insts_offset='336' stub_offset='528' scopes_data_offset='680' scopes_pcs_offset='704' dependencies_offset='768' nul_chk_table_offset='776' method='java/lang/String length ()I' bytes='6' count='665' iicount='665' stamp='0.131'/>
<writer thread='13668'/>
<task_queued compile_id='16' method='java/lang/Math min (II)I' bytes='11' count='611' iicount='611' level='3' stamp='0.131' comment='tiered' hot_count='611'/>
<writer thread='2144'/>
<nmethod compile_id='13' compiler='C1' level='3' entry='0x000000000342e2c0' size='2664' address='0x000000000342e110' relocation_offset='288' insts_offset='432' stub_offset='1680' scopes_data_offset='1904' scopes_pcs_offset='2400' dependencies_offset='2624' nul_chk_table_offset='2632' method='java/lang/StringBuilder append (C)Ljava/lang/StringBuilder;' bytes='8' count='771' iicount='771' stamp='0.132'/>
<nmethod compile_id='14' compiler='C1' level='3' entry='0x000000000342c2e0' size='912' address='0x000000000342c190' relocation_offset='288' insts_offset='336' stub_offset='688' scopes_data_offset='840' scopes_pcs_offset='856' dependencies_offset='904' method='java/io/WinNTFileSystem isSlash (C)Z' bytes='18' count='797' iicount='797' stamp='0.132'/>
<writer thread='13668'/>
<task_queued compile_id='17' method='java/util/Arrays copyOfRange ([CII)[C' bytes='63' count='384' iicount='384' level='3' stamp='0.133' comment='tiered' hot_count='384'/>
<writer thread='2144'/>
<nmethod compile_id='15' compiler='C1' level='3' entry='0x000000000342ed40' size='3176' address='0x000000000342eb90' relocation_offset='288' insts_offset='432' stub_offset='2064' scopes_data_offset='2288' scopes_pcs_offset='2896' dependencies_offset='3136' nul_chk_table_offset='3144' method='java/lang/StringBuffer append (C)Ljava/lang/StringBuffer;' bytes='13' count='778' iicount='778' stamp='0.133'/>
<nmethod compile_id='16' compiler='C1' level='3' entry='0x000000000342f960' size='816' address='0x000000000342f810' relocation_offset='288' insts_offset='336' stub_offset='592' scopes_data_offset='744' scopes_pcs_offset='760' dependencies_offset='808' method='java/lang/Math min (II)I' bytes='11' count='659' iicount='659' stamp='0.133'/>
<nmethod compile_id='17' compiler='C1' level='3' entry='0x000000000342fd60' size='4704' address='0x000000000342fb50' relocation_offset='288' insts_offset='528' stub_offset='3152' scopes_data_offset='3472' scopes_pcs_offset='4280' dependencies_offset='4680' nul_chk_table_offset='4688' oops_offset='3400' method='java/util/Arrays copyOfRange ([CII)[C' bytes='63' count='385' iicount='385' stamp='0.135'/>
<writer thread='13668'/>
<task_queued compile_id='18' method='java/lang/Integer intValue ()I' bytes='5' count='128' iicount='128' level='1' stamp='0.143' comment='tiered' hot_count='128'/>
<writer thread='2144'/>
<nmethod compile_id='18' compiler='C1' level='1' entry='0x0000000003431720' size='656' address='0x00000000034315d0' relocation_offset='288' insts_offset='336' stub_offset='464' scopes_data_offset='608' scopes_pcs_offset='616' dependencies_offset='648' method='java/lang/Integer intValue ()I' bytes='5' count='183' iicount='183' stamp='0.144'/>
<writer thread='3932'/>
<destroy_vm stamp='0.146'/>
<tty_done stamp='0.146'/>
</tty>
<compilation_log thread='2144'>
<start_compile_thread name='C1 CompilerThread2' thread='2144' process='15740' stamp='0.115'/>
<task compile_id='2' method='java/lang/String charAt (I)C' bytes='29' count='1664' iicount='1664' level='3' stamp='0.119'>
<phase name='buildIR' stamp='0.119'>
<type id='726' name='char'/>
<type id='731' name='int'/>
<klass id='739' name='java/lang/String' flags='17'/>
<method id='842' holder='739' name='charAt' return='726' arguments='731' flags='1' bytes='29' iicount='1672'/>
<parse method='842'  stamp='0.119'>
<bc code='183' bci='18'/>
<type id='733' name='void'/>
<klass id='844' name='java/lang/StringIndexOutOfBoundsException' unloaded='1'/>
<method id='845' holder='844' name='&lt;init&gt;' return='733' arguments='731' unloaded='1'/>
<call method='845' instr='invokespecial'/>
<inline_fail reason='not inlineable'/>
<parse_done stamp='0.119'/>
</parse>
<phase name='optimize_blocks' stamp='0.119'>
<phase_done name='optimize_blocks' stamp='0.119'/>
</phase>
<phase name='rangeCheckElimination' stamp='0.119'>
<phase_done name='rangeCheckElimination' stamp='0.119'/>
</phase>
<phase name='optimize_null_checks' stamp='0.119'>
<phase_done name='optimize_null_checks' stamp='0.119'/>
</phase>
<phase_done name='buildIR' stamp='0.119'/>
</phase>
<phase name='emit_lir' stamp='0.120'>
<phase name='lirGeneration' stamp='0.120'>
<phase_done name='lirGeneration' stamp='0.120'/>
</phase>
<phase name='linearScan' stamp='0.120'>
<phase_done name='linearScan' stamp='0.120'/>
</phase>
<phase_done name='emit_lir' stamp='0.120'/>
</phase>
<phase name='codeemit' stamp='0.120'>
<phase_done name='codeemit' stamp='0.120'/>
</phase>
<phase name='codeinstall' stamp='0.120'>
<phase_done name='codeinstall' stamp='0.120'/>
</phase>
<code_cache total_blobs='219' nmethods='2' adapters='135' free_code_cache='250572544'/>
<task_done success='1' nmsize='616' count='1842' stamp='0.120'/>
</task>
<task compile_id='3' method='java/lang/String hashCode ()I' bytes='55' count='421' backedge_count='6145' iicount='421' level='3' stamp='0.120'>
<phase name='buildIR' stamp='0.120'>
<type id='731' name='int'/>
<klass id='739' name='java/lang/String' flags='17'/>
<method id='842' holder='739' name='hashCode' return='731' flags='1' bytes='55' iicount='421'/>
<parse method='842'  stamp='0.120'>
<parse_done stamp='0.120'/>
</parse>
<phase name='optimize_blocks' stamp='0.120'>
<phase_done name='optimize_blocks' stamp='0.120'/>
</phase>
<phase name='rangeCheckElimination' stamp='0.120'>
<phase_done name='rangeCheckElimination' stamp='0.120'/>
</phase>
<phase name='optimize_null_checks' stamp='0.120'>
<phase_done name='optimize_null_checks' stamp='0.120'/>
</phase>
<phase_done name='buildIR' stamp='0.120'/>
</phase>
<phase name='emit_lir' stamp='0.120'>
<phase name='lirGeneration' stamp='0.120'>
<phase_done name='lirGeneration' stamp='0.120'/>
</phase>
<phase name='linearScan' stamp='0.120'>
<phase_done name='linearScan' stamp='0.120'/>
</phase>
<phase_done name='emit_lir' stamp='0.120'/>
</phase>
<phase name='codeemit' stamp='0.120'>
<phase_done name='codeemit' stamp='0.120'/>
</phase>
<phase name='codeinstall' stamp='0.120'>
<phase_done name='codeinstall' stamp='0.120'/>
</phase>
<code_cache total_blobs='222' nmethods='3' adapters='135' free_code_cache='250570624'/>
<task_done success='1' nmsize='656' count='424' backedge_count='6145' stamp='0.121'/>
</task>
<task compile_id='4' method='java/lang/String indexOf (II)I' bytes='70' count='114' backedge_count='3138' iicount='114' level='3' stamp='0.121'>
<phase name='buildIR' stamp='0.121'>
<type id='731' name='int'/>
<klass id='739' name='java/lang/String' flags='17'/>
<method id='842' holder='739' name='indexOf' return='731' arguments='731 731' flags='1' bytes='70' iicount='114'/>
<parse method='842'  stamp='0.121'>
<bc code='183' bci='66'/>
<method id='844' holder='739' name='indexOfSupplementary' return='731' arguments='731 731' flags='2' bytes='71' iicount='1'/>
<call method='844' instr='invokespecial'/>
<inline_fail reason='callee is too large'/>
<parse_done stamp='0.121'/>
</parse>
<phase name='optimize_blocks' stamp='0.121'>
<phase_done name='optimize_blocks' stamp='0.121'/>
</phase>
<phase name='rangeCheckElimination' stamp='0.121'>
<phase_done name='rangeCheckElimination' stamp='0.121'/>
</phase>
<phase name='optimize_null_checks' stamp='0.121'>
<phase_done name='optimize_null_checks' stamp='0.121'/>
</phase>
<phase_done name='buildIR' stamp='0.121'/>
</phase>
<phase name='emit_lir' stamp='0.121'>
<phase name='lirGeneration' stamp='0.121'>
<phase_done name='lirGeneration' stamp='0.121'/>
</phase>
<phase name='linearScan' stamp='0.121'>
<phase_done name='linearScan' stamp='0.121'/>
</phase>
<phase_done name='emit_lir' stamp='0.121'/>
</phase>
<phase name='codeemit' stamp='0.121'>
<phase_done name='codeemit' stamp='0.121'/>
</phase>
<phase name='codeinstall' stamp='0.121'>
<phase_done name='codeinstall' stamp='0.121'/>
</phase>
<code_cache total_blobs='225' nmethods='4' adapters='135' free_code_cache='250568576'/>
<task_done success='1' nmsize='904' count='114' backedge_count='3138' stamp='0.122'/>
</task>
<task compile_id='5' method='java/lang/Object &lt;init&gt; ()V' bytes='1' count='1537' iicount='1537' level='3' stamp='0.124'>
<phase name='buildIR' stamp='0.124'>
<type id='733' name='void'/>
<klass id='738' name='java/lang/Object' flags='1'/>
<method id='842' holder='738' name='&lt;init&gt;' return='733' flags='1' bytes='1' iicount='1537'/>
<parse method='842'  stamp='0.124'>
<parse_done stamp='0.124'/>
</parse>
<phase name='optimize_blocks' stamp='0.124'>
<phase_done name='optimize_blocks' stamp='0.124'/>
</phase>
<phase name='rangeCheckElimination' stamp='0.124'>
<phase_done name='rangeCheckElimination' stamp='0.124'/>
</phase>
<phase name='optimize_null_checks' stamp='0.124'>
<phase_done name='optimize_null_checks' stamp='0.124'/>
</phase>
<phase_done name='buildIR' stamp='0.124'/>
</phase>
<phase name='emit_lir' stamp='0.124'>
<phase name='lirGeneration' stamp='0.124'>
<phase_done name='lirGeneration' stamp='0.124'/>
</phase>
<phase name='linearScan' stamp='0.124'>
<phase_done name='linearScan' stamp='0.124'/>
</phase>
<phase_done name='emit_lir' stamp='0.124'/>
</phase>
<phase name='codeemit' stamp='0.124'>
<phase_done name='codeemit' stamp='0.124'/>
</phase>
<phase name='codeinstall' stamp='0.124'>
<phase_done name='codeinstall' stamp='0.124'/>
</phase>
<code_cache total_blobs='229' nmethods='5' adapters='138' free_code_cache='250566144'/>
<task_done success='1' nmsize='336' count='1542' stamp='0.124'/>
</task>
<task compile_id='6' method='java/lang/AbstractStringBuilder ensureCapacityInternal (I)V' bytes='27' count='284' iicount='284' level='3' stamp='0.126'>
<phase name='buildIR' stamp='0.126'>
<type id='733' name='void'/>
<type id='731' name='int'/>
<klass id='803' name='java/lang/AbstractStringBuilder' flags='1024'/>
<method id='842' holder='803' name='ensureCapacityInternal' return='733' arguments='731' flags='2' bytes='27' iicount='349'/>
<parse method='842'  stamp='0.126'>
<bc code='183' bci='17'/>
<method id='844' holder='803' name='newCapacity' return='731' arguments='731' flags='2' bytes='39' iicount='105'/>
<call method='844' instr='invokespecial'/>
<inline_fail reason='callee is too large'/>
<bc code='184' bci='20'/>
<klass id='831' name='[C' flags='1041'/>
<klass id='846' name='java/util/Arrays' flags='1'/>
<method id='847' holder='846' name='copyOf' return='831' arguments='831 731' flags='9' bytes='19' iicount='137'/>
<call method='847' instr='invokestatic'/>
<inline_success reason='receiver is statically known'/>
<parse method='847'>
<bc code='184' bci='11'/>
<klass id='849' name='java/lang/Math' flags='17'/>
<method id='850' holder='849' name='min' return='731' arguments='731 731' flags='9' bytes='11' iicount='483'/>
<call method='850' instr='invokestatic'/>
<inline_success reason='receiver is statically known'/>
<parse method='850'>
<parse_done stamp='0.127'/>
</parse>
<bc code='184' bci='14'/>
<klass id='738' name='java/lang/Object' flags='1'/>
<klass id='744' name='java/lang/System' flags='17'/>
<method id='852' holder='744' name='arraycopy' return='733' arguments='738 731 738 731 731' flags='265' bytes='0' compile_id='1' compile_kind='c2n' level='0' iicount='640'/>
<call method='852' instr='invokestatic'/>
<inline_success reason='intrinsic'/>
<parse_done stamp='0.127'/>
</parse>
<parse_done stamp='0.127'/>
</parse>
<phase name='optimize_blocks' stamp='0.127'>
<phase_done name='optimize_blocks' stamp='0.127'/>
</phase>
<phase name='rangeCheckElimination' stamp='0.127'>
<phase_done name='rangeCheckElimination' stamp='0.127'/>
</phase>
<phase name='optimize_null_checks' stamp='0.127'>
<phase_done name='optimize_null_checks' stamp='0.127'/>
</phase>
<phase_done name='buildIR' stamp='0.127'/>
</phase>
<phase name='emit_lir' stamp='0.127'>
<phase name='lirGeneration' stamp='0.127'>
<phase_done name='lirGeneration' stamp='0.127'/>
</phase>
<phase name='linearScan' stamp='0.127'>
<phase_done name='linearScan' stamp='0.127'/>
</phase>
<phase_done name='emit_lir' stamp='0.127'/>
</phase>
<phase name='codeemit' stamp='0.127'>
<phase_done name='codeemit' stamp='0.127'/>
</phase>
<phase name='codeinstall' stamp='0.127'>
<phase_done name='codeinstall' stamp='0.127'/>
</phase>
<code_cache total_blobs='232' nmethods='6' adapters='140' free_code_cache='250563136'/>
<task_done success='1' nmsize='1144' count='353' inlined_bytes='30' stamp='0.127'/>
</task>
<task compile_id='7' method='java/lang/CharacterData of (I)Ljava/lang/CharacterData;' bytes='120' count='902' iicount='902' level='3' stamp='0.128'>
<phase name='buildIR' stamp='0.128'>
<klass id='842' name='java/lang/CharacterData' flags='1024'/>
<type id='731' name='int'/>
<method id='843' holder='842' name='of' return='842' arguments='731' flags='24' bytes='120' iicount='902'/>
<parse method='843'  stamp='0.128'>
<parse_done stamp='0.128'/>
</parse>
<phase name='optimize_blocks' stamp='0.128'>
<phase_done name='optimize_blocks' stamp='0.128'/>
</phase>
<phase name='rangeCheckElimination' stamp='0.128'>
<phase_done name='rangeCheckElimination' stamp='0.128'/>
</phase>
<phase name='optimize_null_checks' stamp='0.128'>
<phase_done name='optimize_null_checks' stamp='0.128'/>
</phase>
<phase_done name='buildIR' stamp='0.128'/>
</phase>
<phase name='emit_lir' stamp='0.128'>
<phase name='lirGeneration' stamp='0.128'>
<phase_done name='lirGeneration' stamp='0.128'/>
</phase>
<phase name='linearScan' stamp='0.128'>
<phase_done name='linearScan' stamp='0.128'/>
</phase>
<phase_done name='emit_lir' stamp='0.128'/>
</phase>
<phase name='codeemit' stamp='0.128'>
<phase_done name='codeemit' stamp='0.128'/>
</phase>
<phase name='codeinstall' stamp='0.128'>
<phase_done name='codeinstall' stamp='0.128'/>
</phase>
<code_cache total_blobs='233' nmethods='7' adapters='140' free_code_cache='250560640'/>
<task_done success='1' nmsize='1456' count='967' stamp='0.128'/>
</task>
<task compile_id='8' method='java/lang/CharacterDataLatin1 getProperties (I)I' bytes='11' count='971' iicount='971' level='3' stamp='0.128'>
<phase name='buildIR' stamp='0.128'>
<type id='731' name='int'/>
<klass id='842' name='java/lang/CharacterDataLatin1' flags='0'/>
<method id='843' holder='842' name='getProperties' return='731' arguments='731' flags='0' bytes='11' iicount='974'/>
<parse method='843'  stamp='0.128'>
<parse_done stamp='0.129'/>
</parse>
<phase name='optimize_blocks' stamp='0.129'>
<phase_done name='optimize_blocks' stamp='0.129'/>
</phase>
<phase name='rangeCheckElimination' stamp='0.129'>
<phase_done name='rangeCheckElimination' stamp='0.129'/>
</phase>
<phase name='optimize_null_checks' stamp='0.129'>
<phase_done name='optimize_null_checks' stamp='0.129'/>
</phase>
<phase_done name='buildIR' stamp='0.129'/>
</phase>
<phase name='emit_lir' stamp='0.129'>
<phase name='lirGeneration' stamp='0.129'>
<phase_done name='lirGeneration' stamp='0.129'/>
</phase>
<phase name='linearScan' stamp='0.129'>
<phase_done name='linearScan' stamp='0.129'/>
</phase>
<phase_done name='emit_lir' stamp='0.129'/>
</phase>
<phase name='codeemit' stamp='0.129'>
<phase_done name='codeemit' stamp='0.129'/>
</phase>
<phase name='codeinstall' stamp='0.129'>
<phase_done name='codeinstall' stamp='0.129'/>
</phase>
<code_cache total_blobs='234' nmethods='8' adapters='140' free_code_cache='250559680'/>
<task_done success='1' nmsize='400' count='1033' stamp='0.129'/>
</task>
<task compile_id='9' method='java/lang/Character toLowerCase (I)I' bytes='9' count='1027' iicount='1027' level='3' stamp='0.129'>
<phase name='buildIR' stamp='0.129'>
<type id='731' name='int'/>
<klass id='820' name='java/lang/Character' flags='17'/>
<method id='842' holder='820' name='toLowerCase' return='731' arguments='731' flags='9' bytes='9' iicount='1027'/>
<parse method='842'  stamp='0.129'>
<bc code='184' bci='1'/>
<klass id='845' name='java/lang/CharacterData' flags='1024'/>
<method id='846' holder='845' name='of' return='845' arguments='731' flags='24' bytes='120' compile_id='7' compiler='C1' level='3' iicount='1033'/>
<call method='846' instr='invokestatic'/>
<inline_fail reason='callee is too large'/>
<bc code='182' bci='5'/>
<method id='848' holder='845' name='toLowerCase' return='731' arguments='731' flags='1024' bytes='0' iicount='1'/>
<call method='848' instr='invokevirtual'/>
<inline_fail reason='no static binding'/>
<parse_done stamp='0.129'/>
</parse>
<phase name='optimize_blocks' stamp='0.129'>
<phase_done name='optimize_blocks' stamp='0.129'/>
</phase>
<phase name='rangeCheckElimination' stamp='0.129'>
<phase_done name='rangeCheckElimination' stamp='0.129'/>
</phase>
<phase name='optimize_null_checks' stamp='0.129'>
<phase_done name='optimize_null_checks' stamp='0.129'/>
</phase>
<phase_done name='buildIR' stamp='0.129'/>
</phase>
<phase name='emit_lir' stamp='0.129'>
<phase name='lirGeneration' stamp='0.129'>
<phase_done name='lirGeneration' stamp='0.129'/>
</phase>
<phase name='linearScan' stamp='0.129'>
<phase_done name='linearScan' stamp='0.129'/>
</phase>
<phase_done name='emit_lir' stamp='0.129'/>
</phase>
<phase name='codeemit' stamp='0.129'>
<phase_done name='codeemit' stamp='0.129'/>
</phase>
<phase name='codeinstall' stamp='0.129'>
<phase_done name='codeinstall' stamp='0.129'/>
</phase>
<code_cache total_blobs='235' nmethods='9' adapters='140' free_code_cache='250558528'/>
<task_done success='1' nmsize='568' count='1093' stamp='0.129'/>
</task>
<task compile_id='10' method='java/lang/CharacterDataLatin1 toLowerCase (I)I' bytes='39' count='1093' iicount='1093' level='3' stamp='0.129'>
<phase name='buildIR' stamp='0.129'>
<type id='731' name='int'/>
<klass id='842' name='java/lang/CharacterDataLatin1' flags='0'/>
<method id='843' holder='842' name='toLowerCase' return='731' arguments='731' flags='0' bytes='39' iicount='1093'/>
<parse method='843'  stamp='0.129'>
<bc code='182' bci='4'/>
<method id='845' holder='842' name='getProperties' return='731' arguments='731' flags='0' bytes='11' compile_id='8' compiler='C1' level='3' iicount='1108'/>
<call method='845' instr='invokevirtual'/>
<dependency type='leaf_type' ctxk='842'/>
<inline_success reason='receiver is statically known'/>
<dependency type='leaf_type' ctxk='842'/>
<parse method='845'>
<parse_done stamp='0.129'/>
</parse>
<parse_done stamp='0.129'/>
</parse>
<phase name='optimize_blocks' stamp='0.129'>
<phase_done name='optimize_blocks' stamp='0.129'/>
</phase>
<phase name='rangeCheckElimination' stamp='0.129'>
<phase_done name='rangeCheckElimination' stamp='0.129'/>
</phase>
<phase name='optimize_null_checks' stamp='0.129'>
<phase_done name='optimize_null_checks' stamp='0.129'/>
</phase>
<phase_done name='buildIR' stamp='0.129'/>
</phase>
<phase name='emit_lir' stamp='0.129'>
<phase name='lirGeneration' stamp='0.129'>
<phase_done name='lirGeneration' stamp='0.130'/>
</phase>
<phase name='linearScan' stamp='0.130'>
<phase_done name='linearScan' stamp='0.130'/>
</phase>
<phase_done name='emit_lir' stamp='0.130'/>
</phase>
<phase name='codeemit' stamp='0.130'>
<phase_done name='codeemit' stamp='0.130'/>
</phase>
<phase name='codeinstall' stamp='0.130'>
<dependency type='leaf_type' ctxk='842'/>
<phase_done name='codeinstall' stamp='0.130'/>
</phase>
<code_cache total_blobs='236' nmethods='10' adapters='140' free_code_cache='250557184'/>
<task_done success='1' nmsize='624' count='1164' inlined_bytes='11' stamp='0.130'/>
</task>
<task compile_id='12' method='java/lang/AbstractStringBuilder append (C)Ljava/lang/AbstractStringBuilder;' bytes='29' count='772' iicount='772' level='3' stamp='0.130'>
<phase name='buildIR' stamp='0.130'>
<klass id='803' name='java/lang/AbstractStringBuilder' flags='1024'/>
<type id='726' name='char'/>
<method id='842' holder='803' name='append' return='803' arguments='726' flags='1' bytes='29' iicount='772'/>
<parse method='842'  stamp='0.130'>
<bc code='183' bci='7'/>
<type id='733' name='void'/>
<type id='731' name='int'/>
<method id='844' holder='803' name='ensureCapacityInternal' return='733' arguments='731' flags='2' bytes='27' compile_id='6' compiler='C1' level='3' iicount='979'/>
<call method='844' instr='invokespecial'/>
<inline_success reason='receiver is statically known'/>
<parse method='844'>
<bc code='183' bci='17'/>
<method id='846' holder='803' name='newCapacity' return='731' arguments='731' flags='2' bytes='39' iicount='120'/>
<call method='846' instr='invokespecial'/>
<inline_fail reason='callee is too large'/>
<bc code='184' bci='20'/>
<klass id='831' name='[C' flags='1041'/>
<klass id='848' name='java/util/Arrays' flags='1'/>
<method id='849' holder='848' name='copyOf' return='831' arguments='831 731' flags='9' bytes='19' iicount='152'/>
<call method='849' instr='invokestatic'/>
<inline_success reason='receiver is statically known'/>
<parse method='849'>
<bc code='184' bci='11'/>
<klass id='851' name='java/lang/Math' flags='17'/>
<method id='852' holder='851' name='min' return='731' arguments='731 731' flags='9' bytes='11' iicount='556'/>
<call method='852' instr='invokestatic'/>
<inline_success reason='receiver is statically known'/>
<parse method='852'>
<parse_done stamp='0.130'/>
</parse>
<bc code='184' bci='14'/>
<klass id='738' name='java/lang/Object' flags='1'/>
<klass id='744' name='java/lang/System' flags='17'/>
<method id='854' holder='744' name='arraycopy' return='733' arguments='738 731 738 731 731' flags='265' bytes='0' compile_id='1' compile_kind='c2n' level='0' iicount='640'/>
<call method='854' instr='invokestatic'/>
<inline_success reason='intrinsic'/>
<parse_done stamp='0.130'/>
</parse>
<parse_done stamp='0.130'/>
</parse>
<parse_done stamp='0.130'/>
</parse>
<phase name='optimize_blocks' stamp='0.130'>
<phase_done name='optimize_blocks' stamp='0.130'/>
</phase>
<phase name='rangeCheckElimination' stamp='0.130'>
<phase_done name='rangeCheckElimination' stamp='0.130'/>
</phase>
<phase name='optimize_null_checks' stamp='0.130'>
<phase_done name='optimize_null_checks' stamp='0.130'/>
</phase>
<phase_done name='buildIR' stamp='0.130'/>
</phase>
<phase name='emit_lir' stamp='0.130'>
<phase name='lirGeneration' stamp='0.130'>
<phase_done name='lirGeneration' stamp='0.130'/>
</phase>
<phase name='linearScan' stamp='0.130'>
<phase_done name='linearScan' stamp='0.130'/>
</phase>
<phase_done name='emit_lir' stamp='0.130'/>
</phase>
<phase name='codeemit' stamp='0.130'>
<phase_done name='codeemit' stamp='0.131'/>
</phase>
<phase name='codeinstall' stamp='0.131'>
<phase_done name='codeinstall' stamp='0.131'/>
</phase>
<code_cache total_blobs='237' nmethods='11' adapters='140' free_code_cache='250554752'/>
<task_done success='1' nmsize='1336' count='1000' inlined_bytes='57' stamp='0.131'/>
</task>
<task compile_id='11' method='java/lang/String length ()I' bytes='6' count='645' iicount='645' level='3' stamp='0.131'>
<phase name='buildIR' stamp='0.131'>
<type id='731' name='int'/>
<klass id='739' name='java/lang/String' flags='17'/>
<method id='842' holder='739' name='length' return='731' flags='1' bytes='6' iicount='645'/>
<parse method='842'  stamp='0.131'>
<parse_done stamp='0.131'/>
</parse>
<phase name='optimize_blocks' stamp='0.131'>
<phase_done name='optimize_blocks' stamp='0.131'/>
</phase>
<phase name='rangeCheckElimination' stamp='0.131'>
<phase_done name='rangeCheckElimination' stamp='0.131'/>
</phase>
<phase name='optimize_null_checks' stamp='0.131'>
<phase_done name='optimize_null_checks' stamp='0.131'/>
</phase>
<phase_done name='buildIR' stamp='0.131'/>
</phase>
<phase name='emit_lir' stamp='0.131'>
<phase name='lirGeneration' stamp='0.131'>
<phase_done name='lirGeneration' stamp='0.131'/>
</phase>
<phase name='linearScan' stamp='0.131'>
<phase_done name='linearScan' stamp='0.131'/>
</phase>
<phase_done name='emit_lir' stamp='0.131'/>
</phase>
<phase name='codeemit' stamp='0.131'>
<phase_done name='codeemit' stamp='0.131'/>
</phase>
<phase name='codeinstall' stamp='0.131'>
<phase_done name='codeinstall' stamp='0.131'/>
</phase>
<code_cache total_blobs='238' nmethods='12' adapters='140' free_code_cache='250553920'/>
<task_done success='1' nmsize='336' count='665' stamp='0.131'/>
</task>
<task compile_id='13' method='java/lang/StringBuilder append (C)Ljava/lang/StringBuilder;' bytes='8' count='655' iicount='655' level='3' stamp='0.131'>
<phase name='buildIR' stamp='0.131'>
<klass id='805' name='java/lang/StringBuilder' flags='17'/>
<type id='726' name='char'/>
<method id='842' holder='805' name='append' return='805' arguments='726' flags='1' bytes='8' iicount='655'/>
<parse method='842'  stamp='0.131'>
<bc code='183' bci='2'/>
<klass id='803' name='java/lang/AbstractStringBuilder' flags='1024'/>
<method id='844' holder='803' name='append' return='803' arguments='726' flags='1' bytes='29' compile_id='12' compiler='C1' level='3' iicount='1252'/>
<call method='844' instr='invokespecial'/>
<inline_success reason='receiver is statically known'/>
<parse method='844'>
<bc code='183' bci='7'/>
<type id='733' name='void'/>
<type id='731' name='int'/>
<method id='846' holder='803' name='ensureCapacityInternal' return='733' arguments='731' flags='2' bytes='27' compile_id='6' compiler='C1' level='3' iicount='1499'/>
<call method='846' instr='invokespecial'/>
<inline_success reason='receiver is statically known'/>
<parse method='846'>
<bc code='183' bci='17'/>
<method id='848' holder='803' name='newCapacity' return='731' arguments='731' flags='2' bytes='39' iicount='132'/>
<call method='848' instr='invokespecial'/>
<inline_fail reason='callee is too large'/>
<bc code='184' bci='20'/>
<klass id='831' name='[C' flags='1041'/>
<klass id='850' name='java/util/Arrays' flags='1'/>
<method id='851' holder='850' name='copyOf' return='831' arguments='831 731' flags='9' bytes='19' iicount='165'/>
<call method='851' instr='invokestatic'/>
<inline_success reason='receiver is statically known'/>
<parse method='851'>
<bc code='184' bci='11'/>
<klass id='853' name='java/lang/Math' flags='17'/>
<method id='854' holder='853' name='min' return='731' arguments='731 731' flags='9' bytes='11' iicount='619'/>
<call method='854' instr='invokestatic'/>
<inline_success reason='receiver is statically known'/>
<parse method='854'>
<parse_done stamp='0.131'/>
</parse>
<bc code='184' bci='14'/>
<klass id='738' name='java/lang/Object' flags='1'/>
<klass id='744' name='java/lang/System' flags='17'/>
<method id='856' holder='744' name='arraycopy' return='733' arguments='738 731 738 731 731' flags='265' bytes='0' compile_id='1' compile_kind='c2n' level='0' iicount='640'/>
<call method='856' instr='invokestatic'/>
<inline_success reason='intrinsic'/>
<parse_done stamp='0.132'/>
</parse>
<parse_done stamp='0.132'/>
</parse>
<parse_done stamp='0.132'/>
</parse>
<parse_done stamp='0.132'/>
</parse>
<phase name='optimize_blocks' stamp='0.132'>
<phase_done name='optimize_blocks' stamp='0.132'/>
</phase>
<phase name='rangeCheckElimination' stamp='0.132'>
<phase_done name='rangeCheckElimination' stamp='0.132'/>
</phase>
<phase name='optimize_null_checks' stamp='0.132'>
<phase_done name='optimize_null_checks' stamp='0.132'/>
</phase>
<phase_done name='buildIR' stamp='0.132'/>
</phase>
<phase name='emit_lir' stamp='0.132'>
<phase name='lirGeneration' stamp='0.132'>
<phase_done name='lirGeneration' stamp='0.132'/>
</phase>
<phase name='linearScan' stamp='0.132'>
<phase_done name='linearScan' stamp='0.132'/>
</phase>
<phase_done name='emit_lir' stamp='0.132'/>
</phase>
<phase name='codeemit' stamp='0.132'>
<phase_done name='codeemit' stamp='0.132'/>
</phase>
<phase name='codeinstall' stamp='0.132'>
<phase_done name='codeinstall' stamp='0.132'/>
</phase>
<code_cache total_blobs='239' nmethods='13' adapters='140' free_code_cache='250551232'/>
<task_done success='1' nmsize='1432' count='771' inlined_bytes='86' stamp='0.132'/>
</task>
<task compile_id='14' method='java/io/WinNTFileSystem isSlash (C)Z' bytes='18' count='797' iicount='797' level='3' stamp='0.132'>
<phase name='buildIR' stamp='0.132'>
<type id='725' name='boolean'/>
<type id='726' name='char'/>
<klass id='842' name='java/io/WinNTFileSystem' flags='0'/>
<method id='843' holder='842' name='isSlash' return='725' arguments='726' flags='2' bytes='18' iicount='797'/>
<parse method='843'  stamp='0.132'>
<parse_done stamp='0.132'/>
</parse>
<phase name='optimize_blocks' stamp='0.132'>
<phase_done name='optimize_blocks' stamp='0.132'/>
</phase>
<phase name='rangeCheckElimination' stamp='0.132'>
<phase_done name='rangeCheckElimination' stamp='0.132'/>
</phase>
<phase name='optimize_null_checks' stamp='0.132'>
<phase_done name='optimize_null_checks' stamp='0.132'/>
</phase>
<phase_done name='buildIR' stamp='0.132'/>
</phase>
<phase name='emit_lir' stamp='0.132'>
<phase name='lirGeneration' stamp='0.132'>
<phase_done name='lirGeneration' stamp='0.132'/>
</phase>
<phase name='linearScan' stamp='0.132'>
<phase_done name='linearScan' stamp='0.132'/>
</phase>
<phase_done name='emit_lir' stamp='0.132'/>
</phase>
<phase name='codeemit' stamp='0.132'>
<phase_done name='codeemit' stamp='0.132'/>
</phase>
<phase name='codeinstall' stamp='0.132'>
<phase_done name='codeinstall' stamp='0.132'/>
</phase>
<code_cache total_blobs='240' nmethods='14' adapters='140' free_code_cache='250550272'/>
<task_done success='1' nmsize='496' count='797' stamp='0.132'/>
</task>
<task compile_id='15' method='java/lang/StringBuffer append (C)Ljava/lang/StringBuffer;' bytes='13' count='713' iicount='713' level='3' stamp='0.132'>
<phase name='buildIR' stamp='0.132'>
<klass id='804' name='java/lang/StringBuffer' flags='17'/>
<type id='726' name='char'/>
<method id='842' holder='804' name='append' return='804' arguments='726' flags='33' bytes='13' iicount='713'/>
<parse method='842'  stamp='0.132'>
<bc code='183' bci='7'/>
<klass id='803' name='java/lang/AbstractStringBuilder' flags='1024'/>
<method id='844' holder='803' name='append' return='803' arguments='726' flags='1' bytes='29' compile_id='12' compiler='C1' level='3' iicount='1549'/>
<call method='844' instr='invokespecial'/>
<inline_success reason='receiver is statically known'/>
<parse method='844'>
<bc code='183' bci='7'/>
<type id='733' name='void'/>
<type id='731' name='int'/>
<method id='846' holder='803' name='ensureCapacityInternal' return='733' arguments='731' flags='2' bytes='27' compile_id='6' compiler='C1' level='3' iicount='1820'/>
<call method='846' instr='invokespecial'/>
<inline_success reason='receiver is statically known'/>
<parse method='846'>
<bc code='183' bci='17'/>
<method id='848' holder='803' name='newCapacity' return='731' arguments='731' flags='2' bytes='39' iicount='139'/>
<call method='848' instr='invokespecial'/>
<inline_fail reason='callee is too large'/>
<bc code='184' bci='20'/>
<klass id='831' name='[C' flags='1041'/>
<klass id='850' name='java/util/Arrays' flags='1'/>
<method id='851' holder='850' name='copyOf' return='831' arguments='831 731' flags='9' bytes='19' iicount='174'/>
<call method='851' instr='invokestatic'/>
<inline_success reason='receiver is statically known'/>
<parse method='851'>
<bc code='184' bci='11'/>
<klass id='853' name='java/lang/Math' flags='17'/>
<method id='854' holder='853' name='min' return='731' arguments='731 731' flags='9' bytes='11' iicount='650'/>
<call method='854' instr='invokestatic'/>
<inline_success reason='receiver is statically known'/>
<parse method='854'>
<parse_done stamp='0.133'/>
</parse>
<bc code='184' bci='14'/>
<klass id='738' name='java/lang/Object' flags='1'/>
<klass id='744' name='java/lang/System' flags='17'/>
<method id='856' holder='744' name='arraycopy' return='733' arguments='738 731 738 731 731' flags='265' bytes='0' compile_id='1' compile_kind='c2n' level='0' iicount='640'/>
<call method='856' instr='invokestatic'/>
<inline_success reason='intrinsic'/>
<parse_done stamp='0.133'/>
</parse>
<parse_done stamp='0.133'/>
</parse>
<parse_done stamp='0.133'/>
</parse>
<parse_done stamp='0.133'/>
</parse>
<phase name='optimize_blocks' stamp='0.133'>
<phase_done name='optimize_blocks' stamp='0.133'/>
</phase>
<phase name='rangeCheckElimination' stamp='0.133'>
<phase_done name='rangeCheckElimination' stamp='0.133'/>
</phase>
<phase name='optimize_null_checks' stamp='0.133'>
<phase_done name='optimize_null_checks' stamp='0.133'/>
</phase>
<phase_done name='buildIR' stamp='0.133'/>
</phase>
<phase name='emit_lir' stamp='0.133'>
<phase name='lirGeneration' stamp='0.133'>
<phase_done name='lirGeneration' stamp='0.133'/>
</phase>
<phase name='linearScan' stamp='0.133'>
<phase_done name='linearScan' stamp='0.133'/>
</phase>
<phase_done name='emit_lir' stamp='0.133'/>
</phase>
<phase name='codeemit' stamp='0.133'>
<phase_done name='codeemit' stamp='0.133'/>
</phase>
<phase name='codeinstall' stamp='0.133'>
<phase_done name='codeinstall' stamp='0.133'/>
</phase>
<code_cache total_blobs='241' nmethods='15' adapters='140' free_code_cache='250547072'/>
<task_done success='1' nmsize='1816' count='778' inlined_bytes='86' stamp='0.133'/>
</task>
<task compile_id='16' method='java/lang/Math min (II)I' bytes='11' count='657' iicount='657' level='3' stamp='0.133'>
<phase name='buildIR' stamp='0.133'>
<type id='731' name='int'/>
<klass id='842' name='java/lang/Math' flags='17'/>
<method id='843' holder='842' name='min' return='731' arguments='731 731' flags='9' bytes='11' iicount='657'/>
<parse method='843'  stamp='0.133'>
<parse_done stamp='0.133'/>
</parse>
<phase name='optimize_blocks' stamp='0.133'>
<phase_done name='optimize_blocks' stamp='0.133'/>
</phase>
<phase name='rangeCheckElimination' stamp='0.133'>
<phase_done name='rangeCheckElimination' stamp='0.133'/>
</phase>
<phase name='optimize_null_checks' stamp='0.133'>
<phase_done name='optimize_null_checks' stamp='0.133'/>
</phase>
<phase_done name='buildIR' stamp='0.133'/>
</phase>
<phase name='emit_lir' stamp='0.133'>
<phase name='lirGeneration' stamp='0.133'>
<phase_done name='lirGeneration' stamp='0.133'/>
</phase>
<phase name='linearScan' stamp='0.133'>
<phase_done name='linearScan' stamp='0.133'/>
</phase>
<phase_done name='emit_lir' stamp='0.133'/>
</phase>
<phase name='codeemit' stamp='0.133'>
<phase_done name='codeemit' stamp='0.133'/>
</phase>
<phase name='codeinstall' stamp='0.133'>
<phase_done name='codeinstall' stamp='0.133'/>
</phase>
<code_cache total_blobs='242' nmethods='16' adapters='140' free_code_cache='250546240'/>
<task_done success='1' nmsize='400' count='659' stamp='0.133'/>
</task>
<task compile_id='17' method='java/util/Arrays copyOfRange ([CII)[C' bytes='63' count='385' iicount='385' level='3' stamp='0.134'>
<phase name='buildIR' stamp='0.134'>
<klass id='831' name='[C' flags='1041'/>
<type id='731' name='int'/>
<klass id='842' name='java/util/Arrays' flags='1'/>
<method id='843' holder='842' name='copyOfRange' return='831' arguments='831 731 731' flags='9' bytes='63' iicount='385'/>
<parse method='843'  stamp='0.134'>
<bc code='183' bci='16'/>
<type id='733' name='void'/>
<klass id='805' name='java/lang/StringBuilder' flags='17'/>
<method id='846' holder='805' name='&lt;init&gt;' return='733' flags='1' bytes='7' iicount='111'/>
<call method='846' instr='invokespecial'/>
<inline_success reason='receiver is statically known'/>
<parse method='846'>
<bc code='183' bci='3'/>
<klass id='803' name='java/lang/AbstractStringBuilder' flags='1024'/>
<method id='848' holder='803' name='&lt;init&gt;' return='733' arguments='731' flags='0' bytes='12' iicount='149'/>
<call method='848' instr='invokespecial'/>
<inline_success reason='receiver is statically known'/>
<parse method='848'>
<bc code='183' bci='1'/>
<klass id='738' name='java/lang/Object' flags='1'/>
<method id='850' holder='738' name='&lt;init&gt;' return='733' flags='1' bytes='1' compile_id='5' compiler='C1' level='3' iicount='1833'/>
<call method='850' instr='invokespecial'/>
<inline_success reason='receiver is statically known'/>
<parse method='850'>
<parse_done stamp='0.134'/>
</parse>
<parse_done stamp='0.134'/>
</parse>
<parse_done stamp='0.134'/>
</parse>
<bc code='182' bci='20'/>
<method id='852' holder='805' name='append' return='805' arguments='731' flags='1' bytes='8' iicount='1'/>
<call method='852' instr='invokevirtual'/>
<inline_success reason='receiver is statically known'/>
<parse method='852'>
<bc code='183' bci='2'/>
<method id='854' holder='803' name='append' return='803' arguments='731' flags='1' bytes='62' iicount='1'/>
<call method='854' instr='invokespecial'/>
<inline_fail reason='callee is too large'/>
<parse_done stamp='0.134'/>
</parse>
<bc code='182' bci='25'/>
<klass id='739' name='java/lang/String' flags='17'/>
<method id='857' holder='805' name='append' return='805' arguments='739' flags='1' bytes='8' iicount='240'/>
<call method='857' instr='invokevirtual'/>
<inline_success reason='receiver is statically known'/>
<parse method='857'>
<bc code='183' bci='2'/>
<method id='859' holder='803' name='append' return='803' arguments='739' flags='1' bytes='50' iicount='276'/>
<call method='859' instr='invokespecial'/>
<inline_fail reason='callee is too large'/>
<parse_done stamp='0.134'/>
</parse>
<bc code='182' bci='29'/>
<call method='852' instr='invokevirtual'/>
<inline_success reason='receiver is statically known'/>
<parse method='852'>
<bc code='183' bci='2'/>
<call method='854' instr='invokespecial'/>
<inline_fail reason='callee is too large'/>
<parse_done stamp='0.134'/>
</parse>
<bc code='182' bci='32'/>
<method id='861' holder='805' name='toString' return='739' flags='1' bytes='17' iicount='122'/>
<call method='861' instr='invokevirtual'/>
<inline_success reason='receiver is statically known'/>
<parse method='861'>
<bc code='183' bci='13'/>
<method id='863' holder='739' name='&lt;init&gt;' return='733' arguments='831 731 731' flags='1' bytes='82' iicount='360'/>
<call method='863' instr='invokespecial'/>
<inline_fail reason='callee is too large'/>
<parse_done stamp='0.134'/>
</parse>
<bc code='183' bci='35'/>
<klass id='845' name='java/lang/IllegalArgumentException' flags='1'/>
<method id='865' holder='845' name='&lt;init&gt;' return='733' arguments='739' flags='1' bytes='6' iicount='1'/>
<call method='865' instr='invokespecial'/>
<inline_fail reason='don&apos;t inline Throwable constructors'/>
<bc code='184' bci='54'/>
<klass id='867' name='java/lang/Math' flags='17'/>
<method id='868' holder='867' name='min' return='731' arguments='731 731' flags='9' bytes='11' compile_id='16' compiler='C1' level='3' iicount='661'/>
<call method='868' instr='invokestatic'/>
<inline_success reason='receiver is statically known'/>
<parse method='868'>
<parse_done stamp='0.134'/>
</parse>
<bc code='184' bci='57'/>
<klass id='744' name='java/lang/System' flags='17'/>
<method id='870' holder='744' name='arraycopy' return='733' arguments='738 731 738 731 731' flags='265' bytes='0' compile_id='1' compile_kind='c2n' level='0' iicount='640'/>
<call method='870' instr='invokestatic'/>
<inline_success reason='intrinsic'/>
<parse_done stamp='0.134'/>
</parse>
<phase name='optimize_blocks' stamp='0.134'>
<phase_done name='optimize_blocks' stamp='0.134'/>
</phase>
<phase name='rangeCheckElimination' stamp='0.134'>
<phase_done name='rangeCheckElimination' stamp='0.134'/>
</phase>
<phase name='optimize_null_checks' stamp='0.134'>
<phase_done name='optimize_null_checks' stamp='0.134'/>
</phase>
<phase_done name='buildIR' stamp='0.134'/>
</phase>
<phase name='emit_lir' stamp='0.134'>
<phase name='lirGeneration' stamp='0.134'>
<phase_done name='lirGeneration' stamp='0.134'/>
</phase>
<phase name='linearScan' stamp='0.134'>
<phase_done name='linearScan' stamp='0.134'/>
</phase>
<phase_done name='emit_lir' stamp='0.134'/>
</phase>
<phase name='codeemit' stamp='0.134'>
<phase_done name='codeemit' stamp='0.135'/>
</phase>
<phase name='codeinstall' stamp='0.135'>
<phase_done name='codeinstall' stamp='0.135'/>
</phase>
<code_cache total_blobs='243' nmethods='17' adapters='140' free_code_cache='250541504'/>
<task_done success='1' nmsize='2872' count='385' inlined_bytes='72' stamp='0.135'/>
</task>
<task compile_id='18' method='java/lang/Integer intValue ()I' bytes='5' count='142' iicount='142' level='1' stamp='0.143'>
<phase name='buildIR' stamp='0.143'>
<type id='731' name='int'/>
<klass id='826' name='java/lang/Integer' flags='17'/>
<method id='842' holder='826' name='intValue' return='731' flags='1' bytes='5' iicount='183'/>
<parse method='842'  stamp='0.143'>
<parse_done stamp='0.144'/>
</parse>
<phase name='optimize_blocks' stamp='0.144'>
<phase_done name='optimize_blocks' stamp='0.144'/>
</phase>
<phase name='rangeCheckElimination' stamp='0.144'>
<phase_done name='rangeCheckElimination' stamp='0.144'/>
</phase>
<phase name='optimize_null_checks' stamp='0.144'>
<phase_done name='optimize_null_checks' stamp='0.144'/>
</phase>
<phase_done name='buildIR' stamp='0.144'/>
</phase>
<phase name='emit_lir' stamp='0.144'>
<phase name='lirGeneration' stamp='0.144'>
<phase_done name='lirGeneration' stamp='0.144'/>
</phase>
<phase name='linearScan' stamp='0.144'>
<phase_done name='linearScan' stamp='0.144'/>
</phase>
<phase_done name='emit_lir' stamp='0.144'/>
</phase>
<phase name='codeemit' stamp='0.144'>
<phase_done name='codeemit' stamp='0.144'/>
</phase>
<phase name='codeinstall' stamp='0.144'>
<phase_done name='codeinstall' stamp='0.144'/>
</phase>
<code_cache total_blobs='248' nmethods='18' adapters='144' free_code_cache='250538752'/>
<task_done success='1' nmsize='272' count='183' stamp='0.144'/>
</task>
</compilation_log>
<compilation_log thread='3696'>
<fragment>
<![CDATA[
<start_compile_thread name='C2 CompilerThread1' thread='3696' process='15740' stamp='0.114'/>
]]>
</fragment>
</compilation_log>
<compilation_log thread='6148'>
<fragment>
<![CDATA[
<start_compile_thread name='C2 CompilerThread0' thread='6148' process='15740' stamp='0.114'/>
]]>
</fragment>
</compilation_log>
<hotspot_log_done stamp='0.149'/>
</hotspot_log>
